Using TensorFlow backend.
Found 200 images belonging to 4 classes.
Found 200 images belonging to 4 classes.
Epoch 1/100
50/50 [==============================] - 95s - loss: 1.4391 - acc: 0.2800 - val_loss: 1.3946 - val_acc: 0.2200
Epoch 2/100
50/50 [==============================] - 93s - loss: 1.4648 - acc: 0.2400 - val_loss: 1.3716 - val_acc: 0.2000
Epoch 3/100
50/50 [==============================] - 94s - loss: 1.3989 - acc: 0.1800 - val_loss: 1.3726 - val_acc: 0.2800
Epoch 4/100
50/50 [==============================] - 117s - loss: 1.3421 - acc: 0.2400 - val_loss: 1.2900 - val_acc: 0.5000
Epoch 5/100
50/50 [==============================] - 93s - loss: 1.3035 - acc: 0.4800 - val_loss: 1.1880 - val_acc: 0.5200
Epoch 6/100
50/50 [==============================] - 95s - loss: 1.1578 - acc: 0.4800 - val_loss: 2.3896 - val_acc: 0.2600
Epoch 7/100
50/50 [==============================] - 111s - loss: 1.3645 - acc: 0.5200 - val_loss: 0.9496 - val_acc: 0.5200
Epoch 8/100
50/50 [==============================] - 93s - loss: 1.1529 - acc: 0.5800 - val_loss: 1.0545 - val_acc: 0.5400
Epoch 9/100
50/50 [==============================] - 94s - loss: 0.8628 - acc: 0.6400 - val_loss: 0.9884 - val_acc: 0.6200
Epoch 10/100
50/50 [==============================] - 94s - loss: 0.8578 - acc: 0.6400 - val_loss: 1.1753 - val_acc: 0.7200
Epoch 11/100
50/50 [==============================] - 115s - loss: 0.6619 - acc: 0.7000 - val_loss: 0.9599 - val_acc: 0.6400
Epoch 12/100
50/50 [==============================] - 94s - loss: 0.8365 - acc: 0.7000 - val_loss: 1.3731 - val_acc: 0.7200
Epoch 13/100
50/50 [==============================] - 93s - loss: 0.7699 - acc: 0.6000 - val_loss: 1.3195 - val_acc: 0.4400
Epoch 14/100
50/50 [==============================] - 110s - loss: 0.8616 - acc: 0.6600 - val_loss: 0.8121 - val_acc: 0.6400
Epoch 15/100
50/50 [==============================] - 94s - loss: 0.6388 - acc: 0.7000 - val_loss: 1.6370 - val_acc: 0.5000
Epoch 16/100
50/50 [==============================] - 94s - loss: 0.9301 - acc: 0.6600 - val_loss: 1.1606 - val_acc: 0.7600
Epoch 17/100
50/50 [==============================] - 112s - loss: 0.6887 - acc: 0.6600 - val_loss: 0.9484 - val_acc: 0.4600
Epoch 18/100
50/50 [==============================] - 137s - loss: 0.6696 - acc: 0.6600 - val_loss: 0.8812 - val_acc: 0.6800
Epoch 19/100
50/50 [==============================] - 93s - loss: 0.4328 - acc: 0.8200 - val_loss: 2.3072 - val_acc: 0.5600
Epoch 20/100
50/50 [==============================] - 93s - loss: 0.7137 - acc: 0.7400 - val_loss: 1.2294 - val_acc: 0.7200
Epoch 21/100
50/50 [==============================] - 94s - loss: 0.3635 - acc: 0.8400 - val_loss: 1.0251 - val_acc: 0.6800
Epoch 22/100
50/50 [==============================] - 93s - loss: 0.5879 - acc: 0.8200 - val_loss: 1.2165 - val_acc: 0.6800
Epoch 23/100
50/50 [==============================] - 93s - loss: 0.4707 - acc: 0.8200 - val_loss: 1.4285 - val_acc: 0.5800
Epoch 24/100
50/50 [==============================] - 95s - loss: 0.4482 - acc: 0.8000 - val_loss: 1.0305 - val_acc: 0.7400
Epoch 25/100
50/50 [==============================] - 94s - loss: 0.2992 - acc: 0.9000 - val_loss: 0.5988 - val_acc: 0.7600
Epoch 26/100
50/50 [==============================] - 93s - loss: 0.5551 - acc: 0.8400 - val_loss: 0.8644 - val_acc: 0.7400
Epoch 27/100
50/50 [==============================] - 137s - loss: 0.2034 - acc: 0.9000 - val_loss: 1.3325 - val_acc: 0.5600
Epoch 28/100
50/50 [==============================] - 93s - loss: 1.6520 - acc: 0.7000 - val_loss: 1.1294 - val_acc: 0.7000
Epoch 29/100
50/50 [==============================] - 93s - loss: 0.3997 - acc: 0.8800 - val_loss: 0.7524 - val_acc: 0.7400
Epoch 30/100
50/50 [==============================] - 95s - loss: 0.2542 - acc: 0.9400 - val_loss: 1.2456 - val_acc: 0.6800
Epoch 31/100
50/50 [==============================] - 93s - loss: 0.1718 - acc: 0.9000 - val_loss: 1.0155 - val_acc: 0.7400
Epoch 32/100
50/50 [==============================] - 94s - loss: 0.3090 - acc: 0.8000 - val_loss: 1.5712 - val_acc: 0.7600
Epoch 33/100
50/50 [==============================] - 94s - loss: 0.2856 - acc: 0.9000 - val_loss: 0.6259 - val_acc: 0.7600
Epoch 34/100
50/50 [==============================] - 93s - loss: 0.4441 - acc: 0.8800 - val_loss: 0.9648 - val_acc: 0.7400
Epoch 35/100
50/50 [==============================] - 96s - loss: 0.1222 - acc: 0.9400 - val_loss: 1.4726 - val_acc: 0.7600
Epoch 36/100
50/50 [==============================] - 94s - loss: 0.2550 - acc: 0.8600 - val_loss: 1.5207 - val_acc: 0.7600
Epoch 37/100
50/50 [==============================] - 94s - loss: 1.0375 - acc: 0.9000 - val_loss: 0.7087 - val_acc: 0.7800
Epoch 38/100
50/50 [==============================] - 106s - loss: 0.1525 - acc: 0.9400 - val_loss: 1.2096 - val_acc: 0.7200
Epoch 39/100
50/50 [==============================] - 106s - loss: 0.1008 - acc: 0.9600 - val_loss: 1.3350 - val_acc: 0.8000
Epoch 40/100
50/50 [==============================] - 93s - loss: 0.4403 - acc: 0.8400 - val_loss: 1.7089 - val_acc: 0.7200
Epoch 41/100
50/50 [==============================] - 93s - loss: 0.6900 - acc: 0.9000 - val_loss: 1.1995 - val_acc: 0.7400
Epoch 42/100
50/50 [==============================] - 101s - loss: 0.2853 - acc: 0.9400 - val_loss: 1.0601 - val_acc: 0.7200
Epoch 43/100
50/50 [==============================] - 93s - loss: 0.0713 - acc: 1.0000 - val_loss: 1.3987 - val_acc: 0.8000
Epoch 44/100
50/50 [==============================] - 94s - loss: 0.1072 - acc: 0.9600 - val_loss: 2.4201 - val_acc: 0.7200
Epoch 45/100
50/50 [==============================] - 100s - loss: 0.3486 - acc: 0.9400 - val_loss: 1.5304 - val_acc: 0.7000
Epoch 46/100
50/50 [==============================] - 93s - loss: 0.1909 - acc: 0.9400 - val_loss: 0.9009 - val_acc: 0.7800
Epoch 47/100
50/50 [==============================] - 93s - loss: 0.0946 - acc: 0.9800 - val_loss: 1.1876 - val_acc: 0.8200
Epoch 48/100
50/50 [==============================] - 94s - loss: 0.2069 - acc: 0.9000 - val_loss: 2.8238 - val_acc: 0.7400
Epoch 49/100
50/50 [==============================] - 94s - loss: 0.5209 - acc: 0.8600 - val_loss: 0.8369 - val_acc: 0.8000
Epoch 50/100
50/50 [==============================] - 93s - loss: 0.0816 - acc: 0.9600 - val_loss: 1.2920 - val_acc: 0.7800
Epoch 51/100
50/50 [==============================] - 148s - loss: 0.0369 - acc: 0.9800 - val_loss: 1.3983 - val_acc: 0.7800
Epoch 52/100
50/50 [==============================] - 93s - loss: 0.1953 - acc: 0.9200 - val_loss: 2.5862 - val_acc: 0.7400
Epoch 53/100
50/50 [==============================] - 96s - loss: 0.0090 - acc: 1.0000 - val_loss: 1.9351 - val_acc: 0.7200
Epoch 54/100
50/50 [==============================] - 96s - loss: 0.1225 - acc: 0.9600 - val_loss: 1.2097 - val_acc: 0.7600
Epoch 55/100
50/50 [==============================] - 93s - loss: 0.0771 - acc: 0.9600 - val_loss: 1.8516 - val_acc: 0.7600
Epoch 56/100
50/50 [==============================] - 93s - loss: 0.0205 - acc: 1.0000 - val_loss: 2.5120 - val_acc: 0.7400
Epoch 57/100
50/50 [==============================] - 94s - loss: 0.0010 - acc: 1.0000 - val_loss: 2.6693 - val_acc: 0.7400
Epoch 58/100
50/50 [==============================] - 137s - loss: 0.6470 - acc: 0.9600 - val_loss: 3.1822 - val_acc: 0.7400
Epoch 59/100
50/50 [==============================] - 95s - loss: 0.0034 - acc: 1.0000 - val_loss: 4.0347 - val_acc: 0.6200
Epoch 60/100
50/50 [==============================] - 95s - loss: 1.0405 - acc: 0.8200 - val_loss: 2.6496 - val_acc: 0.7600
Epoch 61/100
50/50 [==============================] - 94s - loss: 0.0690 - acc: 0.9600 - val_loss: 1.8076 - val_acc: 0.7600
Epoch 62/100
50/50 [==============================] - 94s - loss: 0.0169 - acc: 1.0000 - val_loss: 2.2296 - val_acc: 0.7600
Epoch 63/100
50/50 [==============================] - 94s - loss: 0.0142 - acc: 1.0000 - val_loss: 2.6173 - val_acc: 0.8000
Epoch 64/100
50/50 [==============================] - 94s - loss: 0.2707 - acc: 0.9200 - val_loss: 1.2791 - val_acc: 0.7200
Epoch 65/100
50/50 [==============================] - 93s - loss: 0.3358 - acc: 0.9200 - val_loss: 1.6384 - val_acc: 0.7800
Epoch 66/100
50/50 [==============================] - 94s - loss: 0.0559 - acc: 0.9600 - val_loss: 1.6467 - val_acc: 0.7600
Epoch 67/100
50/50 [==============================] - 96s - loss: 0.0131 - acc: 1.0000 - val_loss: 1.6570 - val_acc: 0.8000
Epoch 68/100
50/50 [==============================] - 95s - loss: 0.0053 - acc: 1.0000 - val_loss: 2.4796 - val_acc: 0.7400
Epoch 69/100
50/50 [==============================] - 94s - loss: 2.1036e-04 - acc: 1.0000 - val_loss: 2.9344 - val_acc: 0.7800
Epoch 70/100
50/50 [==============================] - 96s - loss: 0.3456 - acc: 0.9200 - val_loss: 1.6042 - val_acc: 0.7200
Epoch 71/100
50/50 [==============================] - 94s - loss: 0.0069 - acc: 1.0000 - val_loss: 1.8057 - val_acc: 0.7600
Epoch 72/100
50/50 [==============================] - 94s - loss: 0.0221 - acc: 0.9800 - val_loss: 3.1828 - val_acc: 0.7200
Epoch 73/100
50/50 [==============================] - 138s - loss: 0.0146 - acc: 0.9800 - val_loss: 2.7222 - val_acc: 0.7400
Epoch 74/100
50/50 [==============================] - 94s - loss: 0.2956 - acc: 0.9600 - val_loss: 2.8170 - val_acc: 0.7400
Epoch 75/100
50/50 [==============================] - 95s - loss: 0.1347 - acc: 0.9800 - val_loss: 2.1151 - val_acc: 0.7600
Epoch 76/100
50/50 [==============================] - 94s - loss: 0.0193 - acc: 0.9800 - val_loss: 2.9465 - val_acc: 0.7200
Epoch 77/100
50/50 [==============================] - 93s - loss: 0.2441 - acc: 0.9800 - val_loss: 2.9632 - val_acc: 0.8000
Epoch 78/100
50/50 [==============================] - 95s - loss: 0.0065 - acc: 1.0000 - val_loss: 2.8851 - val_acc: 0.7200
Epoch 79/100
50/50 [==============================] - 95s - loss: 0.0041 - acc: 1.0000 - val_loss: 2.8531 - val_acc: 0.8200
Epoch 80/100
50/50 [==============================] - 94s - loss: 0.3764 - acc: 0.9200 - val_loss: 3.0330 - val_acc: 0.7400
Epoch 81/100
50/50 [==============================] - 95s - loss: 0.1297 - acc: 0.9800 - val_loss: 2.8253 - val_acc: 0.8000
Epoch 82/100
50/50 [==============================] - 96s - loss: 0.3616 - acc: 0.9400 - val_loss: 2.6177 - val_acc: 0.7600
Epoch 83/100
50/50 [==============================] - 95s - loss: 0.2396 - acc: 0.9400 - val_loss: 1.5455 - val_acc: 0.7400
Epoch 84/100
50/50 [==============================] - 94s - loss: 0.0110 - acc: 1.0000 - val_loss: 2.5766 - val_acc: 0.7600
Epoch 85/100
50/50 [==============================] - 95s - loss: 0.0028 - acc: 1.0000 - val_loss: 1.9963 - val_acc: 0.7800
Epoch 86/100
50/50 [==============================] - 94s - loss: 0.0023 - acc: 1.0000 - val_loss: 2.8907 - val_acc: 0.7200
Epoch 87/100
50/50 [==============================] - 94s - loss: 0.0090 - acc: 1.0000 - val_loss: 2.9437 - val_acc: 0.8000
Epoch 88/100
50/50 [==============================] - 95s - loss: 0.0024 - acc: 1.0000 - val_loss: 3.0880 - val_acc: 0.7600
Epoch 89/100
50/50 [==============================] - 105s - loss: 3.8317e-04 - acc: 1.0000 - val_loss: 2.8841 - val_acc: 0.7800
Epoch 90/100
50/50 [==============================] - 95s - loss: 1.1095e-04 - acc: 1.0000 - val_loss: 3.2120 - val_acc: 0.7800
Epoch 91/100
50/50 [==============================] - 96s - loss: 2.0548e-04 - acc: 1.0000 - val_loss: 3.0326 - val_acc: 0.7800
Epoch 92/100
50/50 [==============================] - 113s - loss: 7.8844e-06 - acc: 1.0000 - val_loss: 3.3310 - val_acc: 0.7600
Epoch 93/100
50/50 [==============================] - 94s - loss: 1.4854e-06 - acc: 1.0000 - val_loss: 3.0406 - val_acc: 0.7800
Epoch 94/100
50/50 [==============================] - 94s - loss: 2.0473e-04 - acc: 1.0000 - val_loss: 3.3237 - val_acc: 0.7400
Epoch 95/100
50/50 [==============================] - 122s - loss: 2.3398e-04 - acc: 1.0000 - val_loss: 2.8848 - val_acc: 0.8000
Epoch 96/100
50/50 [==============================] - 94s - loss: 7.3781e-04 - acc: 1.0000 - val_loss: 4.0089 - val_acc: 0.7000
Epoch 97/100
50/50 [==============================] - 95s - loss: 0.7397 - acc: 0.9000 - val_loss: 3.4645 - val_acc: 0.7600
Epoch 98/100
50/50 [==============================] - 94s - loss: 0.1578 - acc: 0.9800 - val_loss: 3.3299 - val_acc: 0.7200
Epoch 99/100
50/50 [==============================] - 94s - loss: 3.3559e-04 - acc: 1.0000 - val_loss: 2.9988 - val_acc: 0.7800
Epoch 100/100
50/50 [==============================] - 102s - loss: 0.0128 - acc: 1.0000 - val_loss: 3.1718 - val_acc: 0.7400

