ing TensorFlow backend.
Found 200 images belonging to 4 classes.
Found 200 images belonging to 4 classes.
Epoch 1/100
50/50 [==============================] - 102s - loss: 1.7889 - acc: 0.3200 - val_loss: 1.3862 - val_acc: 0.2400
Epoch 2/100
50/50 [==============================] - 99s - loss: 1.3876 - acc: 0.3000 - val_loss: 1.3783 - val_acc: 0.2800
Epoch 3/100
50/50 [==============================] - 96s - loss: 1.3955 - acc: 0.2000 - val_loss: 1.3855 - val_acc: 0.2000
Epoch 4/100
50/50 [==============================] - 97s - loss: 1.3589 - acc: 0.2200 - val_loss: 1.3760 - val_acc: 0.2800
Epoch 5/100
50/50 [==============================] - 96s - loss: 1.3491 - acc: 0.3800 - val_loss: 1.3550 - val_acc: 0.3600
Epoch 6/100
50/50 [==============================] - 72620s - loss: 1.4192 - acc: 0.1400 - val_loss: 1.3134 - val_acc: 0.5600
Epoch 7/100
50/50 [==============================] - 147s - loss: 1.3782 - acc: 0.5200 - val_loss: 1.4000 - val_acc: 0.3000
Epoch 8/100
50/50 [==============================] - 111s - loss: 1.2435 - acc: 0.4800 - val_loss: 1.2229 - val_acc: 0.4600
Epoch 9/100
50/50 [==============================] - 100s - loss: 1.2150 - acc: 0.5200 - val_loss: 1.2569 - val_acc: 0.5000
Epoch 10/100
50/50 [==============================] - 98s - loss: 1.0904 - acc: 0.4200 - val_loss: 1.0430 - val_acc: 0.4600
Epoch 11/100
50/50 [==============================] - 96s - loss: 1.1386 - acc: 0.5600 - val_loss: 1.1401 - val_acc: 0.8200
Epoch 12/100
50/50 [==============================] - 96s - loss: 0.9808 - acc: 0.5800 - val_loss: 0.9465 - val_acc: 0.6200
Epoch 13/100
50/50 [==============================] - 158s - loss: 0.9520 - acc: 0.5600 - val_loss: 0.8634 - val_acc: 0.6800
Epoch 14/100
50/50 [==============================] - 116s - loss: 0.8999 - acc: 0.5800 - val_loss: 0.8710 - val_acc: 0.7000
Epoch 15/100
50/50 [==============================] - 118s - loss: 0.8231 - acc: 0.6400 - val_loss: 0.7895 - val_acc: 0.7400
Epoch 16/100
50/50 [==============================] - 118s - loss: 0.8829 - acc: 0.6400 - val_loss: 1.6101 - val_acc: 0.5000
Epoch 17/100
50/50 [==============================] - 120s - loss: 0.8371 - acc: 0.6000 - val_loss: 0.7728 - val_acc: 0.8200
Epoch 18/100
50/50 [==============================] - 118s - loss: 1.1029 - acc: 0.5600 - val_loss: 0.7345 - val_acc: 0.7600
Epoch 19/100
50/50 [==============================] - 111s - loss: 0.6119 - acc: 0.8000 - val_loss: 0.8989 - val_acc: 0.7800
Epoch 20/100
50/50 [==============================] - 97s - loss: 0.3738 - acc: 0.8800 - val_loss: 1.0778 - val_acc: 0.7800
Epoch 21/100
50/50 [==============================] - 96s - loss: 0.5791 - acc: 0.8000 - val_loss: 0.5148 - val_acc: 0.7600
Epoch 22/100
50/50 [==============================] - 104s - loss: 0.5965 - acc: 0.7400 - val_loss: 1.3378 - val_acc: 0.6600
Epoch 23/100
50/50 [==============================] - 120s - loss: 0.5048 - acc: 0.8000 - val_loss: 0.7563 - val_acc: 0.8000
Epoch 24/100
50/50 [==============================] - 96s - loss: 0.1619 - acc: 0.9600 - val_loss: 1.6264 - val_acc: 0.7200
Epoch 25/100
50/50 [==============================] - 96s - loss: 0.5566 - acc: 0.7600 - val_loss: 0.4803 - val_acc: 0.7400
Epoch 26/100
50/50 [==============================] - 133s - loss: 0.5296 - acc: 0.8400 - val_loss: 0.9397 - val_acc: 0.6800
Epoch 27/100
50/50 [==============================] - 127s - loss: 0.2809 - acc: 0.9200 - val_loss: 1.7931 - val_acc: 0.6200
Epoch 28/100
50/50 [==============================] - 103s - loss: 0.2903 - acc: 0.9200 - val_loss: 1.1498 - val_acc: 0.7600
Epoch 29/100
50/50 [==============================] - 97s - loss: 0.8985 - acc: 0.8200 - val_loss: 1.0073 - val_acc: 0.7600
Epoch 30/100
50/50 [==============================] - 95s - loss: 0.4992 - acc: 0.9200 - val_loss: 0.7794 - val_acc: 0.7400
Epoch 31/100
50/50 [==============================] - 98s - loss: 0.3638 - acc: 0.9000 - val_loss: 0.4885 - val_acc: 0.7600
Epoch 32/100
50/50 [==============================] - 96s - loss: 0.2313 - acc: 0.9400 - val_loss: 1.0247 - val_acc: 0.7400
Epoch 33/100
50/50 [==============================] - 96s - loss: 0.2728 - acc: 0.8800 - val_loss: 0.7131 - val_acc: 0.8000
Epoch 34/100
50/50 [==============================] - 97s - loss: 0.5216 - acc: 0.8000 - val_loss: 1.1455 - val_acc: 0.7200
Epoch 35/100
50/50 [==============================] - 95s - loss: 0.3176 - acc: 0.9200 - val_loss: 0.6017 - val_acc: 0.8400
Epoch 36/100
50/50 [==============================] - 95s - loss: 0.1690 - acc: 0.9400 - val_loss: 1.6957 - val_acc: 0.6800
Epoch 37/100
50/50 [==============================] - 143s - loss: 0.3065 - acc: 0.8800 - val_loss: 0.4866 - val_acc: 0.8200
Epoch 38/100
50/50 [==============================] - 95s - loss: 0.3140 - acc: 0.8400 - val_loss: 2.2921 - val_acc: 0.6200
Epoch 39/100
50/50 [==============================] - 96s - loss: 0.6183 - acc: 0.8200 - val_loss: 0.5733 - val_acc: 0.7800
Epoch 40/100
50/50 [==============================] - 100s - loss: 0.1291 - acc: 0.9400 - val_loss: 1.1864 - val_acc: 0.7600
Epoch 41/100
50/50 [==============================] - 107s - loss: 0.2703 - acc: 0.9000 - val_loss: 0.7585 - val_acc: 0.7800
Epoch 42/100
50/50 [==============================] - 96s - loss: 0.2291 - acc: 0.9400 - val_loss: 1.4491 - val_acc: 0.7200
Epoch 43/100
50/50 [==============================] - 97s - loss: 0.4632 - acc: 0.8800 - val_loss: 0.4435 - val_acc: 0.9200
Epoch 44/100
50/50 [==============================] - 96s - loss: 0.1181 - acc: 0.9800 - val_loss: 0.9666 - val_acc: 0.8000
Epoch 45/100
50/50 [==============================] - 96s - loss: 0.6748 - acc: 0.8400 - val_loss: 0.7787 - val_acc: 0.7800
Epoch 46/100
50/50 [==============================] - 96s - loss: 0.3824 - acc: 0.8600 - val_loss: 1.2275 - val_acc: 0.7000
Epoch 47/100
50/50 [==============================] - 134s - loss: 0.0725 - acc: 0.9600 - val_loss: 0.7715 - val_acc: 0.8000
Epoch 48/100
50/50 [==============================] - 96s - loss: 0.0597 - acc: 0.9800 - val_loss: 2.2698 - val_acc: 0.7600
Epoch 49/100
50/50 [==============================] - 96s - loss: 0.2889 - acc: 0.9400 - val_loss: 0.6033 - val_acc: 0.7600
Epoch 50/100
50/50 [==============================] - 121s - loss: 0.5718 - acc: 0.8600 - val_loss: 1.2749 - val_acc: 0.7600
Epoch 51/100
50/50 [==============================] - 103s - loss: 0.1598 - acc: 0.9600 - val_loss: 0.5671 - val_acc: 0.8200
Epoch 52/100
50/50 [==============================] - 113s - loss: 0.1139 - acc: 0.9600 - val_loss: 1.2295 - val_acc: 0.7600
Epoch 53/100
50/50 [==============================] - 113s - loss: 0.0792 - acc: 0.9600 - val_loss: 0.6174 - val_acc: 0.7800
Epoch 54/100
50/50 [==============================] - 111s - loss: 0.1285 - acc: 0.9400 - val_loss: 1.3686 - val_acc: 0.8000
Epoch 55/100
50/50 [==============================] - 109s - loss: 0.0934 - acc: 0.9800 - val_loss: 0.8517 - val_acc: 0.7800
Epoch 56/100
50/50 [==============================] - 116s - loss: 0.0603 - acc: 0.9600 - val_loss: 3.1035 - val_acc: 0.6600
Epoch 57/100
50/50 [==============================] - 117s - loss: 0.1288 - acc: 0.9600 - val_loss: 2.1727 - val_acc: 0.7400
Epoch 58/100
50/50 [==============================] - 176s - loss: 0.9755 - acc: 0.8200 - val_loss: 1.9507 - val_acc: 0.7200
Epoch 59/100
50/50 [==============================] - 133s - loss: 0.0680 - acc: 0.9800 - val_loss: 1.1804 - val_acc: 0.7600
Epoch 60/100
50/50 [==============================] - 108s - loss: 0.0363 - acc: 0.9800 - val_loss: 1.5271 - val_acc: 0.7600
Epoch 61/100
50/50 [==============================] - 102s - loss: 0.1162 - acc: 0.9600 - val_loss: 0.8635 - val_acc: 0.8000
Epoch 62/100
50/50 [==============================] - 103s - loss: 0.2656 - acc: 0.8800 - val_loss: 0.9307 - val_acc: 0.7800
Epoch 63/100
50/50 [==============================] - 122s - loss: 0.1830 - acc: 0.9800 - val_loss: 0.5822 - val_acc: 0.8000
Epoch 64/100
50/50 [==============================] - 108s - loss: 0.1773 - acc: 0.9600 - val_loss: 1.2844 - val_acc: 0.7600
Epoch 65/100
50/50 [==============================] - 103s - loss: 0.3424 - acc: 0.9400 - val_loss: 0.7851 - val_acc: 0.7800
Epoch 66/100
50/50 [==============================] - 165s - loss: 0.1747 - acc: 0.9000 - val_loss: 1.1206 - val_acc: 0.7800
Epoch 67/100
50/50 [==============================] - 125s - loss: 0.1171 - acc: 0.9400 - val_loss: 0.7867 - val_acc: 0.8000
Epoch 68/100
50/50 [==============================] - 123s - loss: 0.0168 - acc: 1.0000 - val_loss: 1.3411 - val_acc: 0.8200
Epoch 69/100
50/50 [==============================] - 123s - loss: 0.0720 - acc: 0.9800 - val_loss: 0.4262 - val_acc: 0.8800
Epoch 70/100
50/50 [==============================] - 122s - loss: 0.2125 - acc: 0.9200 - val_loss: 1.9137 - val_acc: 0.7000
Epoch 71/100
50/50 [==============================] - 114s - loss: 0.0078 - acc: 1.0000 - val_loss: 2.0401 - val_acc: 0.7600
Epoch 72/100
50/50 [==============================] - 103s - loss: 0.1561 - acc: 0.9400 - val_loss: 1.4840 - val_acc: 0.7800
Epoch 73/100
50/50 [==============================] - 105s - loss: 0.0194 - acc: 1.0000 - val_loss: 2.3212 - val_acc: 0.7000
Epoch 74/100
50/50 [==============================] - 106s - loss: 0.3094 - acc: 0.9200 - val_loss: 2.0166 - val_acc: 0.7800
Epoch 75/100
50/50 [==============================] - 101s - loss: 0.0319 - acc: 0.9800 - val_loss: 0.5713 - val_acc: 0.8600
Epoch 76/100
50/50 [==============================] - 107s - loss: 0.0260 - acc: 1.0000 - val_loss: 1.9937 - val_acc: 0.7600
Epoch 77/100
50/50 [==============================] - 104s - loss: 0.0696 - acc: 0.9600 - val_loss: 2.4312 - val_acc: 0.7800
Epoch 78/100
50/50 [==============================] - 103s - loss: 0.0119 - acc: 1.0000 - val_loss: 1.6771 - val_acc: 0.7400
Epoch 79/100
50/50 [==============================] - 125s - loss: 0.4055 - acc: 0.9200 - val_loss: 1.0982 - val_acc: 0.7600
Epoch 80/100
50/50 [==============================] - 105s - loss: 0.2020 - acc: 0.9600 - val_loss: 2.1076 - val_acc: 0.7800
Epoch 81/100
50/50 [==============================] - 104s - loss: 0.2131 - acc: 0.9400 - val_loss: 0.8371 - val_acc: 0.8000
Epoch 82/100
50/50 [==============================] - 104s - loss: 0.2303 - acc: 0.9400 - val_loss: 1.7571 - val_acc: 0.7200
Epoch 83/100
50/50 [==============================] - 104s - loss: 0.0276 - acc: 0.9800 - val_loss: 1.3219 - val_acc: 0.7800
Epoch 84/100
50/50 [==============================] - 104s - loss: 0.0733 - acc: 0.9400 - val_loss: 0.8730 - val_acc: 0.8200
Epoch 85/100
50/50 [==============================] - 103s - loss: 0.0036 - acc: 1.0000 - val_loss: 0.8875 - val_acc: 0.7800
Epoch 86/100
50/50 [==============================] - 115s - loss: 0.0047 - acc: 1.0000 - val_loss: 1.1130 - val_acc: 0.8000
Epoch 87/100
50/50 [==============================] - 104s - loss: 4.6777e-04 - acc: 1.0000 - val_loss: 1.0858 - val_acc: 0.7600
Epoch 88/100
50/50 [==============================] - 103s - loss: 1.7099e-04 - acc: 1.0000 - val_loss: 1.3166 - val_acc: 0.7800
Epoch 89/100
50/50 [==============================] - 117s - loss: 5.2837e-05 - acc: 1.0000 - val_loss: 1.3554 - val_acc: 0.7800
Epoch 90/100
50/50 [==============================] - 106s - loss: 0.4531 - acc: 0.9200 - val_loss: 1.2093 - val_acc: 0.8000
Epoch 91/100
50/50 [==============================] - 105s - loss: 0.0933 - acc: 0.9800 - val_loss: 0.8895 - val_acc: 0.8000
Epoch 92/100
50/50 [==============================] - 104s - loss: 0.0101 - acc: 1.0000 - val_loss: 1.3246 - val_acc: 0.8200
Epoch 93/100
50/50 [==============================] - 105s - loss: 0.0750 - acc: 0.9800 - val_loss: 3.5810 - val_acc: 0.7200
Epoch 94/100
50/50 [==============================] - 105s - loss: 0.3270 - acc: 0.9800 - val_loss: 2.5444 - val_acc: 0.7400
Epoch 95/100
50/50 [==============================] - 103s - loss: 0.0297 - acc: 0.9800 - val_loss: 2.1145 - val_acc: 0.7400
Epoch 96/100
50/50 [==============================] - 108s - loss: 0.1005 - acc: 0.9600 - val_loss: 2.4564 - val_acc: 0.7800
Epoch 97/100
50/50 [==============================] - 224s - loss: 0.0010 - acc: 1.0000 - val_loss: 1.0652 - val_acc: 0.7800
Epoch 98/100
50/50 [==============================] - 192s - loss: 0.3560 - acc: 0.9400 - val_loss: 1.2889 - val_acc: 0.8000
Epoch 99/100
50/50 [==============================] - 117s - loss: 7.6401e-04 - acc: 1.0000 - val_loss: 0.6550 - val_acc: 0.8000
Epoch 100/100
50/50 [==============================] - 111s - loss: 5.1799e-04 - acc: 1.0000 - val_loss: 1.4011 - val_acc: 0.8400
